<?xml version="1.0" encoding="UTF-8"?>
<!-- Generated by org.testng.reporters.JUnitXMLReporter -->
<testsuite ignored="15" hostname="LAPTOP-G5IT7DRE" failures="0" tests="1" name="smokerun" time="7.434" errors="0" timestamp="2024-11-27T12:56:38 GMT-08:00">
  <testcase classname="com.sevenmartsupermarket.tests.LoginTest" name="verifyHeadings" time="0.573"/>
  <testcase classname="com.sevenmartsupermarket.tests.DashBoardTest" name="verifyDashBoardMoreInfo" time="0.0">
    <ignored/>
  </testcase> <!-- verifyDashBoardMoreInfo -->
  <testcase classname="com.sevenmartsupermarket.tests.LoginTest" name="verifyAdminUserLogin" time="0.0">
    <ignored/>
  </testcase> <!-- verifyAdminUserLogin -->
  <testcase classname="com.sevenmartsupermarket.tests.AdminUsersTestCase" name="verifyResetButton" time="0.0">
    <ignored/>
  </testcase> <!-- verifyResetButton -->
  <testcase classname="com.sevenmartsupermarket.tests.AdminUsersTestCase" name="verifySearchUser" time="0.0">
    <ignored/>
  </testcase> <!-- verifySearchUser -->
  <testcase classname="com.sevenmartsupermarket.tests.AdminUsersTestCase" name="verifyClickAdminUserMoreInfo" time="0.0">
    <ignored/>
  </testcase> <!-- verifyClickAdminUserMoreInfo -->
  <testcase classname="com.sevenmartsupermarket.tests.LoginTest" name="verifyInvalidUserName" time="0.0">
    <ignored/>
  </testcase> <!-- verifyInvalidUserName -->
  <testcase classname="com.sevenmartsupermarket.tests.DashBoardTest" name="verifyClickAllDashBoardComp" time="0.0">
    <ignored/>
  </testcase> <!-- verifyClickAllDashBoardComp -->
  <testcase classname="com.sevenmartsupermarket.tests.AdminUsersTestCase" name="verifyAlreadyExistUserAlert" time="0.0">
    <ignored/>
  </testcase> <!-- verifyAlreadyExistUserAlert -->
  <testcase classname="com.sevenmartsupermarket.tests.DashBoardTest" name="veridyAllDashboardComponentsNames" time="0.0">
    <ignored/>
  </testcase> <!-- veridyAllDashboardComponentsNames -->
  <testcase classname="com.sevenmartsupermarket.tests.DashBoardTest" name="verifyAllCategory" time="0.0">
    <ignored/>
  </testcase> <!-- verifyAllCategory -->
  <testcase classname="com.sevenmartsupermarket.tests.LoginTest" name="verifyInvalidUsernameAndPassword" time="0.0">
    <ignored/>
  </testcase> <!-- verifyInvalidUsernameAndPassword -->
  <testcase classname="com.sevenmartsupermarket.tests.DashBoardTest" name="verifyAdminMoreInfo" time="0.0">
    <ignored/>
  </testcase> <!-- verifyAdminMoreInfo -->
  <testcase classname="com.sevenmartsupermarket.tests.LoginTest" name="verifyInvalidPassword" time="0.0">
    <ignored/>
  </testcase> <!-- verifyInvalidPassword -->
  <testcase classname="com.sevenmartsupermarket.tests.AdminUsersTestCase" name="verifyNewUserAlert" time="0.0">
    <ignored/>
  </testcase> <!-- verifyNewUserAlert -->
  <testcase classname="com.sevenmartsupermarket.tests.DashBoardTest" name="verifyDashboardList" time="0.0">
    <ignored/>
  </testcase> <!-- verifyDashboardList -->
</testsuite> <!-- smokerun -->
