# JRE version: Java(TM) SE Runtime Environment (17.0.12+8) (build 17.0.12+8-LTS-286)
# Java VM: Java HotSpot(TM) 64-Bit Server VM (17.0.12+8-LTS-286, mixed mode, sharing, tiered, compressed oops, compressed class ptrs, g1 gc, windows-amd64)
GC Precious Log:
 CPUs: 4 total, 4 available
 Memory: 3895M
 Large Page Support: Disabled
 NUMA Support: Disabled
 Compressed Oops: Enabled (32-bit)
 Heap Region Size: 1M
 Heap Min Capacity: 8M
 Heap Initial Capacity: 62M
 Heap Max Capacity: 974M
 Pre-touch: Disabled
 Parallel Workers: 4
 Concurrent Workers: 1
 Concurrent Refinement Workers: 4
 Periodic GC: Disabled
Heap:
 garbage-first heap   total 167936K, used 90677K [0x00000000c3200000, 0x0000000100000000)
  region size 1024K, 16 young (16384K), 2 survivors (2048K)
 Metaspace       used 45286K, committed 45888K, reserved 1114112K
  class space    used 4988K, committed 5248K, reserved 1048576K
GC Heap History (20 events):
Event: 86.947 GC heap before
{Heap before GC invocations=21 (full 0):
 garbage-first heap   total 59392K, used 36257K [0x00000000c3200000, 0x0000000100000000)
  region size 1024K, 4 young (4096K), 3 survivors (3072K)
 Metaspace       used 37872K, committed 38272K, reserved 1114112K
  class space    used 4269K, committed 4416K, reserved 1048576K
}
Event: 86.953 GC heap after
{Heap after GC invocations=22 (full 0):
 garbage-first heap   total 59392K, used 35545K [0x00000000c3200000, 0x0000000100000000)
  region size 1024K, 1 young (1024K), 1 survivors (1024K)
 Metaspace       used 37872K, committed 38272K, reserved 1114112K
  class space    used 4269K, committed 4416K, reserved 1048576K
}
Event: 87.290 GC heap before
{Heap before GC invocations=22 (full 0):
 garbage-first heap   total 59392K, used 44761K [0x00000000c3200000, 0x0000000100000000)
  region size 1024K, 11 young (11264K), 1 survivors (1024K)
 Metaspace       used 37888K, committed 38272K, reserved 1114112K
  class space    used 4269K, committed 4416K, reserved 1048576K
}
Event: 87.293 GC heap after
{Heap after GC invocations=23 (full 0):
 garbage-first heap   total 59392K, used 39173K [0x00000000c3200000, 0x0000000100000000)
  region size 1024K, 2 young (2048K), 2 survivors (2048K)
 Metaspace       used 37888K, committed 38272K, reserved 1114112K
  class space    used 4269K, committed 4416K, reserved 1048576K
}
Event: 87.380 GC heap before
{Heap before GC invocations=24 (full 0):
 garbage-first heap   total 71680K, used 47365K [0x00000000c3200000, 0x0000000100000000)
  region size 1024K, 9 young (9216K), 2 survivors (2048K)
 Metaspace       used 37896K, committed 38272K, reserved 1114112K
  class space    used 4269K, committed 4416K, reserved 1048576K
}
Event: 87.384 GC heap after
{Heap after GC invocations=25 (full 0):
 garbage-first heap   total 71680K, used 43550K [0x00000000c3200000, 0x0000000100000000)
  region size 1024K, 2 young (2048K), 2 survivors (2048K)
 Metaspace       used 37896K, committed 38272K, reserved 1114112K
  class space    used 4269K, committed 4416K, reserved 1048576K
}
Event: 87.388 GC heap before
{Heap before GC invocations=25 (full 0):
 garbage-first heap   total 71680K, used 44574K [0x00000000c3200000, 0x0000000100000000)
  region size 1024K, 3 young (3072K), 2 survivors (2048K)
 Metaspace       used 37896K, committed 38272K, reserved 1114112K
  class space    used 4269K, committed 4416K, reserved 1048576K
}
Event: 87.390 GC heap after
{Heap after GC invocations=26 (full 0):
 garbage-first heap   total 71680K, used 43823K [0x00000000c3200000, 0x0000000100000000)
  region size 1024K, 1 young (1024K), 1 survivors (1024K)
 Metaspace       used 37896K, committed 38272K, reserved 1114112K
  class space    used 4269K, committed 4416K, reserved 1048576K
}
Event: 87.426 GC heap before
{Heap before GC invocations=26 (full 0):
 garbage-first heap   total 71680K, used 53039K [0x00000000c3200000, 0x0000000100000000)
  region size 1024K, 11 young (11264K), 1 survivors (1024K)
 Metaspace       used 37899K, committed 38272K, reserved 1114112K
  class space    used 4269K, committed 4416K, reserved 1048576K
}
Event: 87.431 GC heap after
{Heap after GC invocations=27 (full 0):
 garbage-first heap   total 183296K, used 45995K [0x00000000c3200000, 0x0000000100000000)
  region size 1024K, 2 young (2048K), 2 survivors (2048K)
 Metaspace       used 37899K, committed 38272K, reserved 1114112K
  class space    used 4269K, committed 4416K, reserved 1048576K
}
Event: 105.042 GC heap before
{Heap before GC invocations=28 (full 0):
 garbage-first heap   total 167936K, used 119723K [0x00000000c3200000, 0x0000000100000000)
  region size 1024K, 73 young (74752K), 2 survivors (2048K)
 Metaspace       used 40894K, committed 41344K, reserved 1114112K
  class space    used 4568K, committed 4800K, reserved 1048576K
}
Event: 105.206 GC heap after
{Heap after GC invocations=29 (full 0):
 garbage-first heap   total 167936K, used 55786K [0x00000000c3200000, 0x0000000100000000)
  region size 1024K, 10 young (10240K), 10 survivors (10240K)
 Metaspace       used 40894K, committed 41344K, reserved 1114112K
  class space    used 4568K, committed 4800K, reserved 1048576K
}
Event: 105.267 GC heap before
{Heap before GC invocations=29 (full 0):
 garbage-first heap   total 167936K, used 56810K [0x00000000c3200000, 0x0000000100000000)
  region size 1024K, 11 young (11264K), 10 survivors (10240K)
 Metaspace       used 40894K, committed 41344K, reserved 1114112K
  class space    used 4568K, committed 4800K, reserved 1048576K
}
Event: 105.310 GC heap after
{Heap after GC invocations=30 (full 0):
 garbage-first heap   total 167936K, used 57029K [0x00000000c3200000, 0x0000000100000000)
  region size 1024K, 2 young (2048K), 2 survivors (2048K)
 Metaspace       used 40894K, committed 41344K, reserved 1114112K
  class space    used 4568K, committed 4800K, reserved 1048576K
}
Event: 106.405 GC heap before
{Heap before GC invocations=30 (full 0):
 garbage-first heap   total 167936K, used 114373K [0x00000000c3200000, 0x0000000100000000)
  region size 1024K, 55 young (56320K), 2 survivors (2048K)
 Metaspace       used 40973K, committed 41472K, reserved 1114112K
  class space    used 4570K, committed 4864K, reserved 1048576K
}
Event: 106.449 GC heap after
{Heap after GC invocations=31 (full 0):
 garbage-first heap   total 167936K, used 78763K [0x00000000c3200000, 0x0000000100000000)
  region size 1024K, 7 young (7168K), 7 survivors (7168K)
 Metaspace       used 40973K, committed 41472K, reserved 1114112K
  class space    used 4570K, committed 4864K, reserved 1048576K
}
Event: 109.355 GC heap before
{Heap before GC invocations=31 (full 0):
 garbage-first heap   total 167936K, used 118699K [0x00000000c3200000, 0x0000000100000000)
  region size 1024K, 46 young (47104K), 7 survivors (7168K)
 Metaspace       used 41927K, committed 42496K, reserved 1114112K
  class space    used 4638K, committed 4928K, reserved 1048576K
}
Event: 109.373 GC heap after
{Heap after GC invocations=32 (full 0):
 garbage-first heap   total 167936K, used 77207K [0x00000000c3200000, 0x0000000100000000)
  region size 1024K, 4 young (4096K), 4 survivors (4096K)
 Metaspace       used 41927K, committed 42496K, reserved 1114112K
  class space    used 4638K, committed 4928K, reserved 1048576K
}
Event: 124.130 GC heap before
{Heap before GC invocations=32 (full 0):
 garbage-first heap   total 167936K, used 121239K [0x00000000c3200000, 0x0000000100000000)
  region size 1024K, 47 young (48128K), 4 survivors (4096K)
 Metaspace       used 44255K, committed 44800K, reserved 1114112K
  class space    used 4863K, committed 5120K, reserved 1048576K
}
Event: 124.177 GC heap after
{Heap after GC invocations=33 (full 0):
 garbage-first heap   total 167936K, used 78389K [0x00000000c3200000, 0x0000000100000000)
  region size 1024K, 2 young (2048K), 2 survivors (2048K)
 Metaspace       used 44255K, committed 44800K, reserved 1114112K
  class space    used 4863K, committed 5120K, reserved 1048576K
}

