# JRE version: Java(TM) SE Runtime Environment (17.0.12+8) (build 17.0.12+8-LTS-286)
# Java VM: Java HotSpot(TM) 64-Bit Server VM (17.0.12+8-LTS-286, mixed mode, sharing, tiered, compressed oops, compressed class ptrs, g1 gc, windows-amd64)
GC Precious Log:
 CPUs: 4 total, 4 available
 Memory: 3895M
 Large Page Support: Disabled
 NUMA Support: Disabled
 Compressed Oops: Enabled (32-bit)
 Heap Region Size: 1M
 Heap Min Capacity: 8M
 Heap Initial Capacity: 62M
 Heap Max Capacity: 974M
 Pre-touch: Disabled
 Parallel Workers: 4
 Concurrent Workers: 1
 Concurrent Refinement Workers: 4
 Periodic GC: Disabled
Heap:
 garbage-first heap   total 63488K, used 22543K [0x00000000c3200000, 0x0000000100000000)
  region size 1024K, 6 young (6144K), 4 survivors (4096K)
 Metaspace       used 25874K, committed 26304K, reserved 1114112K
  class space    used 2877K, committed 3072K, reserved 1048576K
GC Heap History (20 events):
Event: 8.726 GC heap before
{Heap before GC invocations=1 (full 0):
 garbage-first heap   total 63488K, used 18682K [0x00000000c3200000, 0x0000000100000000)
  region size 1024K, 14 young (14336K), 2 survivors (2048K)
 Metaspace       used 5509K, committed 5696K, reserved 1114112K
  class space    used 541K, committed 640K, reserved 1048576K
}
Event: 8.728 GC heap after
{Heap after GC invocations=2 (full 0):
 garbage-first heap   total 63488K, used 8400K [0x00000000c3200000, 0x0000000100000000)
  region size 1024K, 1 young (1024K), 1 survivors (1024K)
 Metaspace       used 5509K, committed 5696K, reserved 1114112K
  class space    used 541K, committed 640K, reserved 1048576K
}
Event: 9.703 GC heap before
{Heap before GC invocations=2 (full 0):
 garbage-first heap   total 63488K, used 29904K [0x00000000c3200000, 0x0000000100000000)
  region size 1024K, 23 young (23552K), 1 survivors (1024K)
 Metaspace       used 9561K, committed 9920K, reserved 1114112K
  class space    used 1073K, committed 1216K, reserved 1048576K
}
Event: 9.706 GC heap after
{Heap after GC invocations=3 (full 0):
 garbage-first heap   total 63488K, used 9822K [0x00000000c3200000, 0x0000000100000000)
  region size 1024K, 3 young (3072K), 3 survivors (3072K)
 Metaspace       used 9561K, committed 9920K, reserved 1114112K
  class space    used 1073K, committed 1216K, reserved 1048576K
}
Event: 10.828 GC heap before
{Heap before GC invocations=3 (full 0):
 garbage-first heap   total 63488K, used 40542K [0x00000000c3200000, 0x0000000100000000)
  region size 1024K, 34 young (34816K), 3 survivors (3072K)
 Metaspace       used 13743K, committed 14080K, reserved 1114112K
  class space    used 1596K, committed 1792K, reserved 1048576K
}
Event: 10.837 GC heap after
{Heap after GC invocations=4 (full 0):
 garbage-first heap   total 63488K, used 11399K [0x00000000c3200000, 0x0000000100000000)
  region size 1024K, 4 young (4096K), 4 survivors (4096K)
 Metaspace       used 13743K, committed 14080K, reserved 1114112K
  class space    used 1596K, committed 1792K, reserved 1048576K
}
Event: 16.967 GC heap before
{Heap before GC invocations=4 (full 0):
 garbage-first heap   total 63488K, used 45191K [0x00000000c3200000, 0x0000000100000000)
  region size 1024K, 37 young (37888K), 4 survivors (4096K)
 Metaspace       used 19260K, committed 19648K, reserved 1114112K
  class space    used 2276K, committed 2496K, reserved 1048576K
}
Event: 16.995 GC heap after
{Heap after GC invocations=5 (full 0):
 garbage-first heap   total 63488K, used 14406K [0x00000000c3200000, 0x0000000100000000)
  region size 1024K, 5 young (5120K), 5 survivors (5120K)
 Metaspace       used 19260K, committed 19648K, reserved 1114112K
  class space    used 2276K, committed 2496K, reserved 1048576K
}
Event: 20.494 GC heap before
{Heap before GC invocations=5 (full 0):
 garbage-first heap   total 63488K, used 45126K [0x00000000c3200000, 0x0000000100000000)
  region size 1024K, 35 young (35840K), 5 survivors (5120K)
 Metaspace       used 19840K, committed 20224K, reserved 1114112K
  class space    used 2309K, committed 2496K, reserved 1048576K
}
Event: 20.505 GC heap after
{Heap after GC invocations=6 (full 0):
 garbage-first heap   total 63488K, used 15564K [0x00000000c3200000, 0x0000000100000000)
  region size 1024K, 2 young (2048K), 2 survivors (2048K)
 Metaspace       used 19840K, committed 20224K, reserved 1114112K
  class space    used 2309K, committed 2496K, reserved 1048576K
}
Event: 24.619 GC heap before
{Heap before GC invocations=6 (full 0):
 garbage-first heap   total 63488K, used 47308K [0x00000000c3200000, 0x0000000100000000)
  region size 1024K, 33 young (33792K), 2 survivors (2048K)
 Metaspace       used 20083K, committed 20416K, reserved 1114112K
  class space    used 2310K, committed 2496K, reserved 1048576K
}
Event: 24.628 GC heap after
{Heap after GC invocations=7 (full 0):
 garbage-first heap   total 63488K, used 16744K [0x00000000c3200000, 0x0000000100000000)
  region size 1024K, 3 young (3072K), 3 survivors (3072K)
 Metaspace       used 20083K, committed 20416K, reserved 1114112K
  class space    used 2310K, committed 2496K, reserved 1048576K
}
Event: 27.038 GC heap before
{Heap before GC invocations=7 (full 0):
 garbage-first heap   total 63488K, used 48488K [0x00000000c3200000, 0x0000000100000000)
  region size 1024K, 34 young (34816K), 3 survivors (3072K)
 Metaspace       used 20512K, committed 20928K, reserved 1114112K
  class space    used 2324K, committed 2560K, reserved 1048576K
}
Event: 27.042 GC heap after
{Heap after GC invocations=8 (full 0):
 garbage-first heap   total 63488K, used 17767K [0x00000000c3200000, 0x0000000100000000)
  region size 1024K, 3 young (3072K), 3 survivors (3072K)
 Metaspace       used 20512K, committed 20928K, reserved 1114112K
  class space    used 2324K, committed 2560K, reserved 1048576K
}
Event: 29.035 GC heap before
{Heap before GC invocations=8 (full 0):
 garbage-first heap   total 63488K, used 31079K [0x00000000c3200000, 0x0000000100000000)
  region size 1024K, 17 young (17408K), 3 survivors (3072K)
 Metaspace       used 21164K, committed 21504K, reserved 1114112K
  class space    used 2414K, committed 2624K, reserved 1048576K
}
Event: 29.039 GC heap after
{Heap after GC invocations=9 (full 0):
 garbage-first heap   total 63488K, used 18533K [0x00000000c3200000, 0x0000000100000000)
  region size 1024K, 4 young (4096K), 4 survivors (4096K)
 Metaspace       used 21164K, committed 21504K, reserved 1114112K
  class space    used 2414K, committed 2624K, reserved 1048576K
}
Event: 49.072 GC heap before
{Heap before GC invocations=10 (full 0):
 garbage-first heap   total 63488K, used 49253K [0x00000000c3200000, 0x0000000100000000)
  region size 1024K, 34 young (34816K), 4 survivors (4096K)
 Metaspace       used 23000K, committed 23360K, reserved 1114112K
  class space    used 2572K, committed 2752K, reserved 1048576K
}
Event: 49.127 GC heap after
{Heap after GC invocations=11 (full 0):
 garbage-first heap   total 63488K, used 20186K [0x00000000c3200000, 0x0000000100000000)
  region size 1024K, 4 young (4096K), 4 survivors (4096K)
 Metaspace       used 23000K, committed 23360K, reserved 1114112K
  class space    used 2572K, committed 2752K, reserved 1048576K
}
Event: 51.360 GC heap before
{Heap before GC invocations=11 (full 0):
 garbage-first heap   total 63488K, used 48858K [0x00000000c3200000, 0x0000000100000000)
  region size 1024K, 32 young (32768K), 4 survivors (4096K)
 Metaspace       used 25575K, committed 26048K, reserved 1114112K
  class space    used 2842K, committed 3072K, reserved 1048576K
}
Event: 51.366 GC heap after
{Heap after GC invocations=12 (full 0):
 garbage-first heap   total 63488K, used 21519K [0x00000000c3200000, 0x0000000100000000)
  region size 1024K, 4 young (4096K), 4 survivors (4096K)
 Metaspace       used 25575K, committed 26048K, reserved 1114112K
  class space    used 2842K, committed 3072K, reserved 1048576K
}

