<?xml version="1.0" encoding="UTF-8"?>
<!-- Generated by org.testng.reporters.JUnitXMLReporter -->
<testsuite ignored="4" hostname="LAPTOP-G5IT7DRE" failures="0" tests="1" name="RegressionTest3" time="79.77" errors="0" timestamp="2024-11-27T12:55:09 GMT-08:00">
  <testcase classname="com.sevenmartsupermarket.tests.AdminUsersTestCase" name="verifySearchUser" time="0.0">
    <skipped/>
  </testcase> <!-- verifySearchUser -->
  <testcase classname="com.sevenmartsupermarket.tests.AdminUsersTestCase" name="verifyAlreadyExistUserAlert" time="0.0">
    <ignored/>
  </testcase> <!-- verifyAlreadyExistUserAlert -->
  <testcase classname="com.sevenmartsupermarket.tests.AdminUsersTestCase" name="verifyResetButton" time="0.0">
    <ignored/>
  </testcase> <!-- verifyResetButton -->
  <testcase classname="com.sevenmartsupermarket.tests.AdminUsersTestCase" name="verifyClickAdminUserMoreInfo" time="0.0">
    <ignored/>
  </testcase> <!-- verifyClickAdminUserMoreInfo -->
  <testcase classname="com.sevenmartsupermarket.tests.AdminUsersTestCase" name="verifyNewUserAlert" time="0.0">
    <ignored/>
  </testcase> <!-- verifyNewUserAlert -->
</testsuite> <!-- RegressionTest3 -->
