<?xml version="1.0" encoding="UTF-8"?>
<!-- Generated by org.testng.reporters.JUnitXMLReporter -->
<testsuite ignored="13" hostname="LAPTOP-G5IT7DRE" failures="0" tests="2" name="CreateNewAdminUser" time="18.595" errors="0" timestamp="2024-12-01T15:31:23 GMT-08:00">
  <testcase classname="com.sevenmartsupermarket.tests.AdminUsersTestCase" name="verifyNewUserAlert" time="5.25"/>
  <testcase classname="com.sevenmartsupermarket.tests.AdminUsersTestCase" name="verifyAlreadyExistUserAlert" time="2.762"/>
  <testcase classname="com.sevenmartsupermarket.tests.AdminUsersTestCase" name="verifyAdminUserDeleteBtn" time="0.0">
    <ignored/>
  </testcase> <!-- verifyAdminUserDeleteBtn -->
  <testcase classname="com.sevenmartsupermarket.tests.AdminUsersTestCase" name="verifyAdminTableInActiveButton" time="0.0">
    <ignored/>
  </testcase> <!-- verifyAdminTableInActiveButton -->
  <testcase classname="com.sevenmartsupermarket.tests.AdminUsersTestCase" name="verifyAdminSearchTableCancelAlert" time="0.0">
    <ignored/>
  </testcase> <!-- verifyAdminSearchTableCancelAlert -->
  <testcase classname="com.sevenmartsupermarket.tests.AdminUsersTestCase" name="verifyAdminTableEditButton" time="0.0">
    <ignored/>
  </testcase> <!-- verifyAdminTableEditButton -->
  <testcase classname="com.sevenmartsupermarket.tests.AdminUsersTestCase" name="verifyAdminTableCancelAlert" time="0.0">
    <ignored/>
  </testcase> <!-- verifyAdminTableCancelAlert -->
  <testcase classname="com.sevenmartsupermarket.tests.AdminUsersTestCase" name="verifyHomeBtn" time="0.0">
    <ignored/>
  </testcase> <!-- verifyHomeBtn -->
  <testcase classname="com.sevenmartsupermarket.tests.AdminUsersTestCase" name="verifyAdminTableActiveButton" time="0.0">
    <ignored/>
  </testcase> <!-- verifyAdminTableActiveButton -->
  <testcase classname="com.sevenmartsupermarket.tests.AdminUsersTestCase" name="verifySearchBtnResultNotFoundMsg" time="0.0">
    <ignored/>
  </testcase> <!-- verifySearchBtnResultNotFoundMsg -->
  <testcase classname="com.sevenmartsupermarket.tests.AdminUsersTestCase" name="verifyResetButton" time="0.0">
    <ignored/>
  </testcase> <!-- verifyResetButton -->
  <testcase classname="com.sevenmartsupermarket.tests.AdminUsersTestCase" name="verifySearchBtnTableDeleteAction" time="0.0">
    <ignored/>
  </testcase> <!-- verifySearchBtnTableDeleteAction -->
  <testcase classname="com.sevenmartsupermarket.tests.AdminUsersTestCase" name="verifyAllAdminTableNames" time="0.0">
    <ignored/>
  </testcase> <!-- verifyAllAdminTableNames -->
  <testcase classname="com.sevenmartsupermarket.tests.AdminUsersTestCase" name="verifySearchUser" time="0.0">
    <ignored/>
  </testcase> <!-- verifySearchUser -->
  <testcase classname="com.sevenmartsupermarket.tests.AdminUsersTestCase" name="verifyClickAdminUserMoreInfo" time="0.0">
    <ignored/>
  </testcase> <!-- verifyClickAdminUserMoreInfo -->
</testsuite> <!-- CreateNewAdminUser -->
