<?xml version="1.0" encoding="UTF-8"?>
<!-- Generated by org.testng.reporters.JUnitXMLReporter -->
<testsuite ignored="14" hostname="LAPTOP-G5IT7DRE" failures="0" tests="1" name="SearchButton" time="11.053" errors="0" timestamp="2024-12-01T15:31:15 GMT-08:00">
  <testcase classname="com.sevenmartsupermarket.tests.AdminUsersTestCase" name="verifySearchUser" time="4.334"/>
  <testcase classname="com.sevenmartsupermarket.tests.AdminUsersTestCase" name="verifySearchBtnResultNotFoundMsg" time="0.0">
    <ignored/>
  </testcase> <!-- verifySearchBtnResultNotFoundMsg -->
  <testcase classname="com.sevenmartsupermarket.tests.AdminUsersTestCase" name="verifyAdminTableActiveButton" time="0.0">
    <ignored/>
  </testcase> <!-- verifyAdminTableActiveButton -->
  <testcase classname="com.sevenmartsupermarket.tests.AdminUsersTestCase" name="verifyClickAdminUserMoreInfo" time="0.0">
    <ignored/>
  </testcase> <!-- verifyClickAdminUserMoreInfo -->
  <testcase classname="com.sevenmartsupermarket.tests.AdminUsersTestCase" name="verifyHomeBtn" time="0.0">
    <ignored/>
  </testcase> <!-- verifyHomeBtn -->
  <testcase classname="com.sevenmartsupermarket.tests.AdminUsersTestCase" name="verifyAdminSearchTableCancelAlert" time="0.0">
    <ignored/>
  </testcase> <!-- verifyAdminSearchTableCancelAlert -->
  <testcase classname="com.sevenmartsupermarket.tests.AdminUsersTestCase" name="verifyAdminTableEditButton" time="0.0">
    <ignored/>
  </testcase> <!-- verifyAdminTableEditButton -->
  <testcase classname="com.sevenmartsupermarket.tests.AdminUsersTestCase" name="verifyNewUserAlert" time="0.0">
    <ignored/>
  </testcase> <!-- verifyNewUserAlert -->
  <testcase classname="com.sevenmartsupermarket.tests.AdminUsersTestCase" name="verifyAlreadyExistUserAlert" time="0.0">
    <ignored/>
  </testcase> <!-- verifyAlreadyExistUserAlert -->
  <testcase classname="com.sevenmartsupermarket.tests.AdminUsersTestCase" name="verifyAllAdminTableNames" time="0.0">
    <ignored/>
  </testcase> <!-- verifyAllAdminTableNames -->
  <testcase classname="com.sevenmartsupermarket.tests.AdminUsersTestCase" name="verifyAdminUserDeleteBtn" time="0.0">
    <ignored/>
  </testcase> <!-- verifyAdminUserDeleteBtn -->
  <testcase classname="com.sevenmartsupermarket.tests.AdminUsersTestCase" name="verifyAdminTableInActiveButton" time="0.0">
    <ignored/>
  </testcase> <!-- verifyAdminTableInActiveButton -->
  <testcase classname="com.sevenmartsupermarket.tests.AdminUsersTestCase" name="verifySearchBtnTableDeleteAction" time="0.0">
    <ignored/>
  </testcase> <!-- verifySearchBtnTableDeleteAction -->
  <testcase classname="com.sevenmartsupermarket.tests.AdminUsersTestCase" name="verifyAdminTableCancelAlert" time="0.0">
    <ignored/>
  </testcase> <!-- verifyAdminTableCancelAlert -->
  <testcase classname="com.sevenmartsupermarket.tests.AdminUsersTestCase" name="verifyResetButton" time="0.0">
    <ignored/>
  </testcase> <!-- verifyResetButton -->
</testsuite> <!-- SearchButton -->
