<?xml version="1.0" encoding="UTF-8"?>
<!-- Generated by org.testng.reporters.JUnitXMLReporter -->
<testsuite ignored="5" hostname="LAPTOP-G5IT7DRE" failures="0" tests="1" name="RunningInChrome" time="10.023" errors="0" timestamp="2024-11-27T12:57:57 GMT-08:00">
  <testcase classname="com.sevenmartsupermarket.tests.DashBoardTest" name="verifyAllCategory" time="2.473"/>
  <testcase classname="com.sevenmartsupermarket.tests.DashBoardTest" name="veridyAllDashboardComponentsNames" time="0.0">
    <ignored/>
  </testcase> <!-- veridyAllDashboardComponentsNames -->
  <testcase classname="com.sevenmartsupermarket.tests.DashBoardTest" name="verifyDashboardList" time="0.0">
    <ignored/>
  </testcase> <!-- verifyDashboardList -->
  <testcase classname="com.sevenmartsupermarket.tests.DashBoardTest" name="verifyDashBoardMoreInfo" time="0.0">
    <ignored/>
  </testcase> <!-- verifyDashBoardMoreInfo -->
  <testcase classname="com.sevenmartsupermarket.tests.DashBoardTest" name="verifyClickAllDashBoardComp" time="0.0">
    <ignored/>
  </testcase> <!-- verifyClickAllDashBoardComp -->
  <testcase classname="com.sevenmartsupermarket.tests.DashBoardTest" name="verifyAdminMoreInfo" time="0.0">
    <ignored/>
  </testcase> <!-- verifyAdminMoreInfo -->
</testsuite> <!-- RunningInChrome -->
