<?xml version="1.0" encoding="UTF-8"?>
<!-- Generated by org.testng.reporters.JUnitXMLReporter -->
<testsuite ignored="5" hostname="LAPTOP-G5IT7DRE" failures="0" tests="1" name="Default test" time="10.309" errors="0" timestamp="2024-12-03T18:54:51 GMT-08:00">
  <testcase classname="com.sevenmartsupermarket.tests.SubCategoriesTest" name="verifyCreateSubCategoryButton" time="5.355"/>
  <testcase classname="com.sevenmartsupermarket.tests.SubCategoriesTest" name="verifyEditCategoryFromTable" time="0.0">
    <ignored/>
  </testcase> <!-- verifyEditCategoryFromTable -->
  <testcase classname="com.sevenmartsupermarket.tests.SubCategoriesTest" name="verifySearchSubCategory" time="0.0">
    <ignored/>
  </testcase> <!-- verifySearchSubCategory -->
  <testcase classname="com.sevenmartsupermarket.tests.SubCategoriesTest" name="verifyDeleteCategoryFromTable" time="0.0">
    <ignored/>
  </testcase> <!-- verifyDeleteCategoryFromTable -->
  <testcase classname="com.sevenmartsupermarket.tests.SubCategoriesTest" name="verifyGoHome" time="0.0">
    <ignored/>
  </testcase> <!-- verifyGoHome -->
  <testcase classname="com.sevenmartsupermarket.tests.SubCategoriesTest" name="verifySearchResetSubCategory" time="0.0">
    <ignored/>
  </testcase> <!-- verifySearchResetSubCategory -->
</testsuite> <!-- Default test -->
