<?xml version="1.0" encoding="UTF-8"?>
<!-- Generated by org.testng.reporters.JUnitXMLReporter -->
<testsuite ignored="1" hostname="LAPTOP-G5IT7DRE" failures="0" tests="1" name="Default test" time="21.813" errors="0" timestamp="2024-12-05T10:42:41 GMT-08:00">
  <testcase classname="com.sevenmartsupermarket.tests.ManageContactTest" name="verifyEditEntriesUsingDataProviders" time="13.371"/>
  <testcase classname="com.sevenmartsupermarket.tests.ManageContactTest" name="verifyEditEntriesFromManageContact" time="0.0">
    <ignored/>
  </testcase> <!-- verifyEditEntriesFromManageContact -->
</testsuite> <!-- Default test -->
